TN:
SF:server.js
FN:45,(anonymous_0)
FNF:1
FNH:0
FNDA:0,(anonymous_0)
DA:14,2
DA:16,2
DA:19,2
DA:29,2
DA:30,0
DA:33,2
DA:36,2
DA:37,2
DA:38,2
DA:39,2
DA:40,2
DA:43,2
DA:44,0
DA:45,0
LF:14
LH:11
BRDA:29,0,0,0
BRDA:29,0,1,2
BRDA:43,1,0,0
BRDA:43,1,1,2
BRDA:44,2,0,0
BRDA:44,2,1,0
BRF:6
BRH:2
end_of_record
TN:
SF:controllers\activityController.js
FN:3,(anonymous_0)
FNF:1
FNH:0
FNDA:0,(anonymous_0)
DA:3,2
DA:4,0
DA:6,0
DA:13,0
LF:4
LH:1
BRF:0
BRH:0
end_of_record
TN:
SF:controllers\authController.js
FN:8,(anonymous_0)
FN:12,(anonymous_1)
FN:53,(anonymous_2)
FN:100,(anonymous_3)
FNF:4
FNH:3
FNDA:0,(anonymous_0)
FNDA:3,(anonymous_1)
FNDA:3,(anonymous_2)
FNDA:1,(anonymous_3)
DA:8,2
DA:9,0
DA:12,2
DA:13,3
DA:15,3
DA:17,3
DA:19,3
DA:20,1
DA:23,2
DA:25,1
DA:36,1
DA:49,1
DA:53,2
DA:54,3
DA:56,3
DA:59,3
DA:60,3
DA:61,1
DA:65,2
DA:66,2
DA:67,1
DA:71,1
DA:81,1
DA:96,0
DA:100,2
DA:101,1
LF:26
LH:24
BRDA:19,0,0,1
BRDA:19,0,1,2
BRDA:60,1,0,1
BRDA:60,1,1,2
BRDA:66,2,0,1
BRDA:66,2,1,1
BRF:6
BRH:6
end_of_record
TN:
SF:controllers\touristPlaceController.js
FN:5,(anonymous_0)
FN:43,(anonymous_1)
FN:53,(anonymous_2)
FN:67,(anonymous_3)
FNF:4
FNH:2
FNDA:0,(anonymous_0)
FNDA:0,(anonymous_1)
FNDA:1,(anonymous_2)
FNDA:2,(anonymous_3)
DA:5,2
DA:6,0
DA:7,0
DA:10,0
DA:11,0
DA:12,0
DA:13,0
DA:16,0
DA:19,0
DA:23,0
DA:35,0
DA:37,0
DA:38,0
DA:43,2
DA:44,0
DA:45,0
DA:46,0
DA:48,0
DA:53,2
DA:54,1
DA:55,1
DA:57,0
DA:58,0
DA:60,0
DA:62,1
DA:67,2
DA:68,2
DA:69,2
DA:71,2
DA:83,2
DA:85,0
LF:31
LH:11
BRDA:11,0,0,0
BRDA:11,0,1,0
BRDA:11,1,0,0
BRDA:11,1,1,0
BRDA:57,2,0,0
BRDA:57,2,1,0
BRF:6
BRH:0
end_of_record
TN:
SF:controllers\translationController.js
FN:4,(anonymous_0)
FNF:1
FNH:0
FNDA:0,(anonymous_0)
DA:4,2
DA:5,0
DA:7,0
DA:9,0
DA:14,0
DA:15,0
DA:17,0
DA:26,0
DA:28,0
DA:34,0
LF:10
LH:1
BRDA:7,0,0,0
BRDA:7,0,1,0
BRDA:14,1,0,0
BRDA:14,1,1,0
BRF:4
BRH:0
end_of_record
TN:
SF:middleware\authMiddleware.js
FN:5,(anonymous_0)
FNF:1
FNH:1
FNDA:7,(anonymous_0)
DA:5,3
DA:6,7
DA:7,7
DA:9,7
DA:10,5
DA:11,5
DA:12,3
DA:13,3
DA:15,2
DA:19,2
LF:10
LH:10
BRDA:9,0,0,5
BRDA:9,0,1,2
BRDA:9,1,0,7
BRDA:9,1,1,5
BRF:4
BRH:4
end_of_record
TN:
SF:middleware\userController.js
FN:4,(anonymous_0)
FNF:1
FNH:0
FNDA:0,(anonymous_0)
DA:4,2
DA:5,0
DA:6,0
DA:7,0
DA:8,0
DA:9,0
DA:11,0
DA:12,0
DA:15,0
DA:17,0
DA:18,0
DA:21,0
DA:25,0
DA:30,0
DA:32,0
DA:37,0
LF:16
LH:1
BRDA:7,0,0,0
BRDA:7,0,1,0
BRDA:11,1,0,0
BRDA:11,1,1,0
BRDA:17,2,0,0
BRDA:17,2,1,0
BRF:6
BRH:0
end_of_record
TN:
SF:models\TouristActivity.js
FNF:0
FNH:0
DA:3,3
LF:1
LH:1
BRF:0
BRH:0
end_of_record
TN:
SF:models\TouristPlace.js
FNF:0
FNH:0
DA:3,3
DA:25,3
LF:2
LH:2
BRF:0
BRH:0
end_of_record
TN:
SF:models\TranslationCache.js
FNF:0
FNH:0
DA:3,2
DA:9,2
LF:2
LH:2
BRF:0
BRH:0
end_of_record
TN:
SF:models\User.js
FNF:0
FNH:0
DA:3,4
LF:1
LH:1
BRF:0
BRH:0
end_of_record
TN:
SF:models\UserActivityLog.js
FNF:0
FNH:0
DA:3,1
LF:1
LH:1
BRF:0
BRH:0
end_of_record
TN:
SF:routes\activityRoute.js
FNF:0
FNH:0
DA:5,2
DA:8,2
LF:2
LH:2
BRF:0
BRH:0
end_of_record
TN:
SF:routes\authRoute.js
FNF:0
FNH:0
DA:6,2
DA:8,2
DA:9,2
DA:10,2
LF:4
LH:4
BRF:0
BRH:0
end_of_record
TN:
SF:routes\touristPlaceRoute.js
FNF:0
FNH:0
DA:6,2
DA:8,2
DA:9,2
DA:10,2
DA:11,2
LF:5
LH:5
BRF:0
BRH:0
end_of_record
TN:
SF:routes\translationRoute.js
FNF:0
FNH:0
DA:4,2
DA:7,2
LF:2
LH:2
BRF:0
BRH:0
end_of_record
TN:
SF:routes\userRoute.js
FNF:0
FNH:0
DA:6,2
DA:8,2
LF:2
LH:2
BRF:0
BRH:0
end_of_record
